# JRE version: Java(TM) SE Runtime Environment (8.0_251-b08) (build 1.8.0_251-b08)
# Java VM: Java HotSpot(TM) 64-Bit Server VM (25.251-b08 mixed mode windows-amd64 compressed oops)
Heap:
 PSYoungGen      total 159744K, used 156189K [0x00000000f5580000, 0x00000000fff80000, 0x0000000100000000)
  eden space 145408K, 100% used [0x00000000f5580000,0x00000000fe380000,0x00000000fe380000)
  from space 14336K, 75% used [0x00000000fe380000,0x00000000fee07640,0x00000000ff180000)
  to   space 14336K, 59% used [0x00000000ff180000,0x00000000ff9da040,0x00000000fff80000)
 ParOldGen       total 175104K, used 14990K [0x00000000e0000000, 0x00000000eab00000, 0x00000000f5580000)
  object space 175104K, 8% used [0x00000000e0000000,0x00000000e0ea3928,0x00000000eab00000)
 Metaspace       used 51914K, capacity 55422K, committed 55552K, reserved 1097728K
  class space    used 7527K, capacity 8140K, committed 8192K, reserved 1048576K
GC Heap History (10 events):
Event: 4.760 GC heap after
Heap after GC invocations=5 (full 1):
 PSYoungGen      total 141824K, used 0K [0x00000000f5580000, 0x00000000fea80000, 0x0000000100000000)
  eden space 131072K, 0% used [0x00000000f5580000,0x00000000f5580000,0x00000000fd580000)
  from space 10752K, 0% used [0x00000000fe000000,0x00000000fe000000,0x00000000fea80000)
  to   space 10752K, 0% used [0x00000000fd580000,0x00000000fd580000,0x00000000fe000000)
 ParOldGen       total 175104K, used 9465K [0x00000000e0000000, 0x00000000eab00000, 0x00000000f5580000)
  object space 175104K, 5% used [0x00000000e0000000,0x00000000e093e7e8,0x00000000eab00000)
 Metaspace       used 20292K, capacity 21078K, committed 21248K, reserved 1067008K
  class space    used 3003K, capacity 3209K, committed 3328K, reserved 1048576K
}
Event: 6.496 GC heap before
{Heap before GC invocations=6 (full 1):
 PSYoungGen      total 141824K, used 131072K [0x00000000f5580000, 0x00000000fea80000, 0x0000000100000000)
  eden space 131072K, 100% used [0x00000000f5580000,0x00000000fd580000,0x00000000fd580000)
  from space 10752K, 0% used [0x00000000fe000000,0x00000000fe000000,0x00000000fea80000)
  to   space 10752K, 0% used [0x00000000fd580000,0x00000000fd580000,0x00000000fe000000)
 ParOldGen       total 175104K, used 9475K [0x00000000e0000000, 0x00000000eab00000, 0x00000000f5580000)
  object space 175104K, 5% used [0x00000000e0000000,0x00000000e0940d90,0x00000000eab00000)
 Metaspace       used 31860K, capacity 33236K, committed 33280K, reserved 1077248K
  class space    used 4567K, capacity 4853K, committed 4864K, reserved 1048576K
Event: 6.517 GC heap after
Heap after GC invocations=6 (full 1):
 PSYoungGen      total 141824K, used 10723K [0x00000000f5580000, 0x0000000100000000, 0x0000000100000000)
  eden space 131072K, 0% used [0x00000000f5580000,0x00000000f5580000,0x00000000fd580000)
  from space 10752K, 99% used [0x00000000fd580000,0x00000000fdff8ff8,0x00000000fe000000)
  to   space 14848K, 0% used [0x00000000ff180000,0x00000000ff180000,0x0000000100000000)
 ParOldGen       total 175104K, used 12082K [0x00000000e0000000, 0x00000000eab00000, 0x00000000f5580000)
  object space 175104K, 6% used [0x00000000e0000000,0x00000000e0bcca10,0x00000000eab00000)
 Metaspace       used 31860K, capacity 33236K, committed 33280K, reserved 1077248K
  class space    used 4567K, capacity 4853K, committed 4864K, reserved 1048576K
}
Event: 6.895 GC heap before
{Heap before GC invocations=7 (full 1):
 PSYoungGen      total 141824K, used 38682K [0x00000000f5580000, 0x0000000100000000, 0x0000000100000000)
  eden space 131072K, 21% used [0x00000000f5580000,0x00000000f70cda68,0x00000000fd580000)
  from space 10752K, 99% used [0x00000000fd580000,0x00000000fdff8ff8,0x00000000fe000000)
  to   space 14848K, 0% used [0x00000000ff180000,0x00000000ff180000,0x0000000100000000)
 ParOldGen       total 175104K, used 12082K [0x00000000e0000000, 0x00000000eab00000, 0x00000000f5580000)
  object space 175104K, 6% used [0x00000000e0000000,0x00000000e0bcca10,0x00000000eab00000)
 Metaspace       used 34001K, capacity 35384K, committed 35416K, reserved 1079296K
  class space    used 4793K, capacity 5089K, committed 5120K, reserved 1048576K
Event: 6.926 GC heap after
Heap after GC invocations=7 (full 1):
 PSYoungGen      total 160256K, used 7721K [0x00000000f5580000, 0x0000000100000000, 0x0000000100000000)
  eden space 145408K, 0% used [0x00000000f5580000,0x00000000f5580000,0x00000000fe380000)
  from space 14848K, 52% used [0x00000000ff180000,0x00000000ff90a778,0x0000000100000000)
  to   space 14336K, 0% used [0x00000000fe380000,0x00000000fe380000,0x00000000ff180000)
 ParOldGen       total 175104K, used 12090K [0x00000000e0000000, 0x00000000eab00000, 0x00000000f5580000)
  object space 175104K, 6% used [0x00000000e0000000,0x00000000e0bcea10,0x00000000eab00000)
 Metaspace       used 34001K, capacity 35384K, committed 35416K, reserved 1079296K
  class space    used 4793K, capacity 5089K, committed 5120K, reserved 1048576K
}
Event: 6.926 GC heap before
{Heap before GC invocations=8 (full 2):
 PSYoungGen      total 160256K, used 7721K [0x00000000f5580000, 0x0000000100000000, 0x0000000100000000)
  eden space 145408K, 0% used [0x00000000f5580000,0x00000000f5580000,0x00000000fe380000)
  from space 14848K, 52% used [0x00000000ff180000,0x00000000ff90a778,0x0000000100000000)
  to   space 14336K, 0% used [0x00000000fe380000,0x00000000fe380000,0x00000000ff180000)
 ParOldGen       total 175104K, used 12090K [0x00000000e0000000, 0x00000000eab00000, 0x00000000f5580000)
  object space 175104K, 6% used [0x00000000e0000000,0x00000000e0bcea10,0x00000000eab00000)
 Metaspace       used 34001K, capacity 35384K, committed 35416K, reserved 1079296K
  class space    used 4793K, capacity 5089K, committed 5120K, reserved 1048576K
Event: 7.020 GC heap after
Heap after GC invocations=8 (full 2):
 PSYoungGen      total 160256K, used 0K [0x00000000f5580000, 0x0000000100000000, 0x0000000100000000)
  eden space 145408K, 0% used [0x00000000f5580000,0x00000000f5580000,0x00000000fe380000)
  from space 14848K, 0% used [0x00000000ff180000,0x00000000ff180000,0x0000000100000000)
  to   space 14336K, 0% used [0x00000000fe380000,0x00000000fe380000,0x00000000ff180000)
 ParOldGen       total 175104K, used 14974K [0x00000000e0000000, 0x00000000eab00000, 0x00000000f5580000)
  object space 175104K, 8% used [0x00000000e0000000,0x00000000e0e9f928,0x00000000eab00000)
 Metaspace       used 34001K, capacity 35384K, committed 35416K, reserved 1079296K
  class space    used 4793K, capacity 5089K, committed 5120K, reserved 1048576K
}
Event: 8.701 GC heap before
{Heap before GC invocations=9 (full 2):
 PSYoungGen      total 160256K, used 145408K [0x00000000f5580000, 0x0000000100000000, 0x0000000100000000)
  eden space 145408K, 100% used [0x00000000f5580000,0x00000000fe380000,0x00000000fe380000)
  from space 14848K, 0% used [0x00000000ff180000,0x00000000ff180000,0x0000000100000000)
  to   space 14336K, 0% used [0x00000000fe380000,0x00000000fe380000,0x00000000ff180000)
 ParOldGen       total 175104K, used 14974K [0x00000000e0000000, 0x00000000eab00000, 0x00000000f5580000)
  object space 175104K, 8% used [0x00000000e0000000,0x00000000e0e9f928,0x00000000eab00000)
 Metaspace       used 41384K, capacity 43668K, committed 43904K, reserved 1087488K
  class space    used 6038K, capacity 6461K, committed 6528K, reserved 1048576K
Event: 8.716 GC heap after
Heap after GC invocations=9 (full 2):
 PSYoungGen      total 159744K, used 10781K [0x00000000f5580000, 0x00000000fff80000, 0x0000000100000000)
  eden space 145408K, 0% used [0x00000000f5580000,0x00000000f5580000,0x00000000fe380000)
  from space 14336K, 75% used [0x00000000fe380000,0x00000000fee07640,0x00000000ff180000)
  to   space 14336K, 0% used [0x00000000ff180000,0x00000000ff180000,0x00000000fff80000)
 ParOldGen       total 175104K, used 14982K [0x00000000e0000000, 0x00000000eab00000, 0x00000000f5580000)
  object space 175104K, 8% used [0x00000000e0000000,0x00000000e0ea1928,0x00000000eab00000)
 Metaspace       used 41384K, capacity 43668K, committed 43904K, reserved 1087488K
  class space    used 6038K, capacity 6461K, committed 6528K, reserved 1048576K
}
Event: 172.457 GC heap before
{Heap before GC invocations=10 (full 2):
 PSYoungGen      total 159744K, used 156189K [0x00000000f5580000, 0x00000000fff80000, 0x0000000100000000)
  eden space 145408K, 100% used [0x00000000f5580000,0x00000000fe380000,0x00000000fe380000)
  from space 14336K, 75% used [0x00000000fe380000,0x00000000fee07640,0x00000000ff180000)
  to   space 14336K, 0% used [0x00000000ff180000,0x00000000ff180000,0x00000000fff80000)
 ParOldGen       total 175104K, used 14982K [0x00000000e0000000, 0x00000000eab00000, 0x00000000f5580000)
  object space 175104K, 8% used [0x00000000e0000000,0x00000000e0ea1928,0x00000000eab00000)
 Metaspace       used 51914K, capacity 55422K, committed 55552K, reserved 1097728K
  class space    used 7527K, capacity 8140K, committed 8192K, reserved 1048576K

